<?xml version="1.0" encoding="UTF-8"?>
<!-- Generated by org.testng.reporters.JUnitReportReporter -->
<testsuite hostname="VSP-HGQD6Q3" failures="0" tests="3" name="jenkins.App" time="0.009" errors="0" timestamp="2023-04-12T16:30:22 IST" skipped="0">
  <testcase classname="jenkins.App" name="t1" time="0.007"/>
  <system-out/>
  <testcase classname="jenkins.App" name="t2" time="0.001"/>
  <system-out/>
  <testcase classname="jenkins.App" name="t3" time="0.001"/>
  <system-out/>
</testsuite> <!-- jenkins.App -->
